make all --print-data-base --no-builtin-variables --no-builtin-rules --question
# GNU Make 4.2.1
 
# Built for x86_64-pc-linux-gnu
 
# Copyright (C) 1988-2016 Free Software Foundation, Inc.
 
# License GPLv3+: GNU GPL version 3 or later <http://gnu.org/licenses/gpl.html>
 
# This is free software: you are free to change and redistribute it.
 
# There is NO WARRANTY, to the extent permitted by law.
 

 
# Make data base, printed on Fri Jun  3 16:59:40 2022
 

# Variables
 

 
# 'override' directive
 
GNUMAKEFLAGS := 
 
# automatic
 
<D = $(patsubst %/,%,$(dir $<))
 
# automatic
?F = $(notdir $?)
# environment
DESKTOP_SESSION = ubuntu
# default
.SHELLFLAGS := -c
# environment
XDG_SESSION_CLASS = user
# environment
SNAP_COMMON = /var/snap/code/common
# environment
XDG_SESSION_TYPE = x11
# environment
VSCODE_LOG_NATIVE = false
# automatic
?D = $(patsubst %/,%,$(dir $?))
# environment
IM_CONFIG_PHASE = 1
# automatic
@D = $(patsubst %/,%,$(dir $@))
# environment
XAUTHORITY = /run/user/1000/gdm/Xauthority
# environment
GDMSESSION = ubuntu
# environment
XMODIFIERS = @im=ibus
# makefile
CURDIR := /home/vasilis/Desktop/OOP/C++/hw4
# makefile
SHELL = /bin/sh
# environment
SNAP_DATA = /var/snap/code/97
# environment
VSCODE_NLS_CONFIG = {"locale":"en-us","availableLanguages":{},"_languagePackSupport":true}
# environment
JOURNAL_STREAM = 8:35944
# makefile (from 'Makefile', line 1)
CFLAGS = -Wall -g -std=c++11 -fsanitize=address
# environment
XDG_CONFIG_DIRS = /etc/xdg/xdg-ubuntu:/etc/xdg
# environment
SNAP_INSTANCE_NAME = code
# environment
SNAP_ARCH = amd64
# makefile (from 'Makefile', line 1)
MAKEFILE_LIST :=  Makefile
# automatic
@F = $(notdir $@)
# environment
GIO_LAUNCHED_DESKTOP_FILE = /var/lib/snapd/desktop/applications/code_code.desktop
# environment
USERNAME = vasilis
# environment
MAKELEVEL := 0
# environment
XDG_DATA_DIRS = /usr/share/ubuntu:/usr/local/share/:/usr/share/:/var/lib/snapd/desktop
# environment
DBUS_SESSION_BUS_ADDRESS = unix:path=/run/user/1000/bus,guid=03c1b82477818cd76c32a6356299d1c5
# environment
VSCODE_VERBOSE_LOGGING = true
# environment
_ = /snap/code/97/usr/share/code/code
# environment
MANAGERPID = 1756
# environment
LESSOPEN = | /usr/bin/lesspipe %s
# environment
LC_NAME = el_GR.UTF-8
# environment
VSCODE_CWD = /home/vasilis
# environment
GSETTINGS_SCHEMA_DIR = /snap/code/97/usr/share/glib-2.0/schemas
# default
MAKE_HOST := x86_64-pc-linux-gnu
# environment
PATH = /usr/local/sbin:/usr/local/bin:/usr/sbin:/usr/bin:/sbin:/bin:/usr/games:/usr/local/games:/snap/bin
# environment
GPG_AGENT_INFO = /run/user/1000/gnupg/S.gpg-agent:0:1
# environment
SESSION_MANAGER = local/vasilis-VirtualBox:@/tmp/.ICE-unix/2014,unix/vasilis-VirtualBox:/tmp/.ICE-unix/2014
# environment
XDG_RUNTIME_DIR = /run/user/1000
# environment
GDK_PIXBUF_MODULE_FILE = /home/vasilis/snap/code/common/.cache/gdk-pixbuf-loaders.cache
# environment
SNAP = /snap/code/97
# environment
SNAP_VERSION = c3511e6c
# environment
XDG_MENU_PREFIX = gnome-
# environment
VSCODE_LOG_STACK = false
# environment
DISABLE_WAYLAND = 1
# environment
ELECTRON_RUN_AS_NODE = 1
# environment
INVOCATION_ID = 58b9e8b8887f461fa1270aa7e11a2eea
# environment
GDK_PIXBUF_MODULEDIR = /snap/code/97/usr/lib/x86_64-linux-gnu/gdk-pixbuf-2.0/2.10.0/loaders
# default
.FEATURES := target-specific order-only second-expansion else-if shortest-stem undefine oneshell archives jobserver output-sync check-symlink load
# environment
LS_COLORS = 
# environment
XDG_SESSION_DESKTOP = ubuntu
# environment
SSH_AUTH_SOCK = /run/user/1000/keyring/ssh
# environment
GIO_LAUNCHED_DESKTOP_FILE_PID = 2659
# automatic
%F = $(notdir $%)
# environment
DISPLAY = :0
# environment
VSCODE_PIPE_LOGGING = true
# environment
SNAP_INSTANCE_KEY = 
# environment
PWD = /home/vasilis/Desktop/OOP/C++/hw4
# default
.LOADED := 
# environment
SSH_AGENT_PID = 1968
# environment
ORIGINAL_XDG_CURRENT_DESKTOP = ubuntu:GNOME
# environment
GTK_MODULES = gail:atk-bridge
# environment
VSCODE_AMD_ENTRYPOINT = vs/workbench/api/node/extensionHostProcess
# environment
HOME = /home/vasilis
# environment
LESSCLOSE = /usr/bin/lesspipe %s %s
# environment
VSCODE_CLI = 1
# environment
VSCODE_CODE_CACHE_PATH = /home/vasilis/.config/Code/CachedData/c3511e6c69bb39013c4a4b7b9566ec1ca73fc4d5
# environment
LOGNAME = vasilis
# environment
APPLICATION_INSIGHTS_NO_DIAGNOSTIC_CHANNEL = 1
# environment
SNAP_LIBRARY_PATH = /var/lib/snapd/lib/gl:/var/lib/snapd/lib/gl32:/var/lib/snapd/void
# environment
SNAP_CONTEXT = 2Fp4aLPCYYVzipQV1Wdicmxxmdol91cDPx1IRkzJlEYade5zBBo7
# automatic
+F = $(notdir $+)
# environment
ELECTRON_NO_ATTACH_CONSOLE = 1
# environment
SNAP_USER_COMMON = /home/vasilis/snap/code/common
# environment
VSCODE_HANDLES_UNCAUGHT_ERRORS = true
# environment
GNOME_DESKTOP_SESSION_ID = this-is-deprecated
# automatic
^D = $(patsubst %/,%,$(dir $^))
# environment
LC_TIME = el_GR.UTF-8
# environment
SNAP_REAL_HOME = /home/vasilis
# default
MAKE = $(MAKE_COMMAND)
# default
MAKECMDGOALS := all
# environment
QT_IM_MODULE = ibus
# environment
SNAP_USER_DATA = /home/vasilis/snap/code/97
# environment
SHLVL = 0
# environment
GNOME_SHELL_SESSION_MODE = ubuntu
# environment
VSCODE_IPC_HOOK_EXTHOST = /run/user/1000/vscode-ipc-8efc9716-dbb2-4d8a-9a90-925958361900.sock
# default
MAKE_VERSION := 4.2.1
# environment
USER = vasilis
# environment
SNAP_REVISION = 97
# environment
LC_MONETARY = el_GR.UTF-8
# makefile
.DEFAULT_GOAL := all
# environment
XDG_CURRENT_DESKTOP = Unity
# automatic
%D = $(patsubst %/,%,$(dir $%))
# environment
LC_TELEPHONE = el_GR.UTF-8
# default
MAKE_COMMAND := make
# default
.VARIABLES := 
# automatic
*F = $(notdir $*)
# environment
VSCODE_IPC_HOOK = /run/user/1000/vscode-e1a90074-1.67.2-main.sock
# environment
BAMF_DESKTOP_FILE_HINT = /var/lib/snapd/desktop/applications/code_code.desktop
# makefile
MAKEFLAGS = pqrR
# environment
MFLAGS = -pqrR
# automatic
*D = $(patsubst %/,%,$(dir $*))
# automatic
+D = $(patsubst %/,%,$(dir $+))
# environment
GDK_BACKEND = x11
# environment
LC_PAPER = el_GR.UTF-8
# environment
QT_ACCESSIBILITY = 1
# default
MAKEFILES := 
# environment
SNAP_COOKIE = 2Fp4aLPCYYVzipQV1Wdicmxxmdol91cDPx1IRkzJlEYade5zBBo7
# environment
LC_NUMERIC = el_GR.UTF-8
# automatic
<F = $(notdir $<)
# environment
LC_MEASUREMENT = el_GR.UTF-8
# environment
SNAP_NAME = code
# environment
LC_ALL = C
# environment
DBUS_STARTER_BUS_TYPE = session
# automatic
^F = $(notdir $^)
# default
SUFFIXES := 
# environment
SNAP_REEXEC = 
# environment
CHROME_DESKTOP = code-url-handler.desktop
# environment
WINDOWPATH = 2
# default
.INCLUDE_DIRS = /usr/include /usr/local/include /usr/include
# environment
LC_IDENTIFICATION = el_GR.UTF-8
# default
.RECIPEPREFIX := 
# environment
LC_ADDRESS = el_GR.UTF-8
# environment
LANG = C
# environment
VSCODE_PID = 2699
# environment
DBUS_STARTER_ADDRESS = unix:path=/run/user/1000/bus,guid=03c1b82477818cd76c32a6356299d1c5
# variable set hash-table stats:
# Load=130/1024=13%, Rehash=0, Collisions=22/159=14%

# Pattern-specific Variable Values

# No pattern-specific variable values.

# Directories

# . (device 2053, inode 529100): 14 files, no impossibilities.

# 14 files, no impossibilities in 1 directories.

# Implicit Rules

# No implicit rules.

# Files

all: HashTable.o HashTableIterator.o ExtHashTable.o
#  Command line target.
#  Implicit rule search has not been done.
#  Implicit/static pattern stem: ''
 
#  File does not exist.
#  File has been updated.
#  Needs to be updated (-q is set).
# automatic
# @ := all
# automatic
# % := 
# automatic
# * := 
# automatic
# + := HashTable.o HashTableIterator.o ExtHashTable.o
# automatic
# | := 
# automatic
# < := HashTable.o
# automatic
# ^ := HashTable.o HashTableIterator.o ExtHashTable.o
# automatic
# ? := HashTable.o HashTableIterator.o ExtHashTable.o
# variable set hash-table stats:
# Load=8/32=25%, Rehash=0, Collisions=1/12=8%
#  recipe to execute (from 'Makefile', line 4):
	g++ ${CFLAGS} HashTable.o HashTableIterator.o ExtHashTable.o -o exe

HashTableIterator.o: HashTableIterator.cpp
#  Implicit rule search has not been done.
#  Last modified 2022-06-02 23:19:23.788830873
#  File has been updated.
#  Successfully updated.
#  recipe to execute (from 'Makefile', line 10):
	g++ ${CFLAGS} HashTableIterator.cpp -c 

# Not a target:
.SUFFIXES:
#  Implicit rule search has not been done.
#  Modification time never checked.
#  File has not been updated.

# Not a target:
Makefile:
#  Implicit rule search has been done.
#  Last modified 2022-06-03 16:47:24.441067937
#  File has been updated.
#  Successfully updated.

HashTable.o: HashTable.cpp
#  Implicit rule search has not been done.
#  Last modified 2022-06-03 14:58:46.288500324
#  File has been updated.
#  Successfully updated.
#  recipe to execute (from 'Makefile', line 7):
	g++ ${CFLAGS} HashTable.cpp -c 

ExtHashTable.o: ExtHashTable.cpp
#  Implicit rule search has not been done.
#  Last modified 2022-06-03 16:46:53.440606142
#  File has been updated.
#  Successfully updated.
#  recipe to execute (from 'Makefile', line 13):
	g++ ${CFLAGS} ExtHashTable.cpp -c 

# Not a target:
.DEFAULT:
#  Implicit rule search has not been done.
#  Modification time never checked.
#  File has not been updated.

# Not a target:
HashTableIterator.cpp:
#  Implicit rule search has been done.
#  Last modified 2022-06-02 23:19:21.40877027
#  File has been updated.
#  Successfully updated.

# Not a target:
HashTable.cpp:
#  Implicit rule search has been done.
#  Last modified 2022-06-03 12:40:26.541820225
#  File has been updated.
#  Successfully updated.

# Not a target:
ExtHashTable.cpp:
#  Implicit rule search has been done.
#  Last modified 2022-06-03 16:46:49.564546405
#  File has been updated.
#  Successfully updated.

# files hash-table stats:
# Load=10/1024=1%, Rehash=0, Collisions=2/31=6%
# VPATH Search Paths

# No 'vpath' search paths.

# No general ('VPATH' variable) search path.

# strcache buffers: 1 (0) / strings = 19 / storage = 235 B / avg = 12 B
# current buf: size = 8162 B / used = 235 B / count = 19 / avg = 12 B

# strcache performance: lookups = 38 / hit rate = 50%
# hash-table stats:
# Load=19/8192=0%, Rehash=0, Collisions=1/38=3%
# Finished Make data base on Fri Jun  3 16:59:40 2022

 
